<?xml version="1.0" encoding="UTF-8"?>
<testsuite name="TestSuite" time="78.613" tests="4" errors="0" skipped="0" failures="0">
  <properties>
    <property name="java.runtime.name" value="Java(TM) SE Runtime Environment"/>
    <property name="sun.boot.library.path" value="E:\Java\jdk1.8.0_71\jre\bin"/>
    <property name="java.vm.version" value="25.71-b15"/>
    <property name="java.vm.vendor" value="Oracle Corporation"/>
    <property name="maven.multiModuleProjectDirectory" value="E:\eclipse-jee-mars-2-win32-x86_64\eclipse\workspace\jk"/>
    <property name="java.vendor.url" value="http://java.oracle.com/"/>
    <property name="path.separator" value=";"/>
    <property name="guice.disable.misplaced.annotation.check" value="true"/>
    <property name="java.vm.name" value="Java HotSpot(TM) 64-Bit Server VM"/>
    <property name="file.encoding.pkg" value="sun.io"/>
    <property name="user.script" value=""/>
    <property name="user.country" value="CN"/>
    <property name="sun.java.launcher" value="SUN_STANDARD"/>
    <property name="sun.os.patch.level" value="Service Pack 1"/>
    <property name="java.vm.specification.name" value="Java Virtual Machine Specification"/>
    <property name="user.dir" value="E:\eclipse-jee-mars-2-win32-x86_64\eclipse\workspace\jk"/>
    <property name="java.runtime.version" value="1.8.0_71-b15"/>
    <property name="java.awt.graphicsenv" value="sun.awt.Win32GraphicsEnvironment"/>
    <property name="java.endorsed.dirs" value="E:\Java\jdk1.8.0_71\jre\lib\endorsed"/>
    <property name="os.arch" value="amd64"/>
    <property name="java.io.tmpdir" value="C:\Users\zq010\AppData\Local\Temp\"/>
    <property name="line.separator" value="&#10;"/>
    <property name="java.vm.specification.vendor" value="Oracle Corporation"/>
    <property name="user.variant" value=""/>
    <property name="os.name" value="Windows 7"/>
    <property name="classworlds.conf" value="E:\eclipse-jee-mars-2-win32-x86_64\eclipse\workspace\.metadata\.plugins\org.eclipse.m2e.launching\launches\m2conf6823496509150226976.tmp"/>
    <property name="sun.jnu.encoding" value="GBK"/>
    <property name="java.library.path" value="E:\Java\jdk1.8.0_71\bin;C:\Windows\Sun\Java\bin;C:\Windows\system32;C:\Windows;E:/Java/jdk1.8.0_71/bin/../jre/bin/server;E:/Java/jdk1.8.0_71/bin/../jre/bin;E:/Java/jdk1.8.0_71/bin/../jre/lib/amd64;E:\Java\jdk1.8.0_71\bin;E:\Java\jdk1.8.0_71\jre\bin;C:\ProgramData\Oracle\Java\javapath;C:\Windows\system32;C:\Windows;C:\Windows\System32\Wbem;C:\Windows\System32\WindowsPowerShell\v1.0\;C:\strawberry\c\bin;C:\strawberry\perl\bin;E:\Program Files\TortoiseSVN\bin;D:\Program Files (x86)\PICT\;E:\Python27\;E:\Program Files (x86)\Microsoft SQL Server\100\Tools\Binn\;E:\Program Files\Microsoft SQL Server\100\Tools\Binn\;E:\Program Files\Microsoft SQL Server\100\DTS\Binn\;E:\Program Files (x86)\Microsoft SQL Server\100\Tools\Binn\VSShell\Common7\IDE\;E:\Program Files (x86)\Microsoft SQL Server\100\DTS\Binn\;C:\Program Files (x86)\Windows Kits\8.1\Windows Performance Toolkit\;C:\Program Files\Microsoft SQL Server\110\Tools\Binn\.;E:\Java\jdk1.6.0_39\bin\;E:\Android\android-sdk\platform-tools;E:\Android\android-sdk\tools;E:\Program Files (x86)\nodejs\;E:\Android\Appium\Appium\node_modules\.bin;E:\Android\android-sdk\build-tools;E:\Android\android-sdk\platform-tools;E:\Android\android-sdk\tools;E:\apache-maven-3.3.9\bin;E:\coco2d\cocos2d-x-3.4\cocos2d-x-3.4\templates;E:\coco2d\cocos2d-x-3.4\cocos2d-x-3.4\tools\cocos2d-console\bin;E:\frameworks\androidSdk\sdk\platform-tools;C:\Users\zq010\AppData\Roaming\npm;E:\eclipse-jee-mars-2-win32-x86_64\eclipse;;."/>
    <property name="java.specification.name" value="Java Platform API Specification"/>
    <property name="java.class.version" value="52.0"/>
    <property name="sun.management.compiler" value="HotSpot 64-Bit Tiered Compilers"/>
    <property name="os.version" value="6.1"/>
    <property name="user.home" value="C:\Users\zq010"/>
    <property name="user.timezone" value="Asia/Shanghai"/>
    <property name="java.awt.printerjob" value="sun.awt.windows.WPrinterJob"/>
    <property name="java.specification.version" value="1.8"/>
    <property name="file.encoding" value="GBK"/>
    <property name="user.name" value="zq010"/>
    <property name="java.class.path" value="E:\apache-maven-3.3.9\boot\plexus-classworlds-2.5.2.jar"/>
    <property name="java.vm.specification.version" value="1.8"/>
    <property name="sun.arch.data.model" value="64"/>
    <property name="java.home" value="E:\Java\jdk1.8.0_71\jre"/>
    <property name="sun.java.command" value="org.codehaus.plexus.classworlds.launcher.Launcher -B test"/>
    <property name="java.specification.vendor" value="Oracle Corporation"/>
    <property name="user.language" value="zh"/>
    <property name="awt.toolkit" value="sun.awt.windows.WToolkit"/>
    <property name="java.vm.info" value="mixed mode"/>
    <property name="java.version" value="1.8.0_71"/>
    <property name="java.ext.dirs" value="E:\Java\jdk1.8.0_71\jre\lib\ext;C:\Windows\Sun\Java\lib\ext"/>
    <property name="sun.boot.class.path" value="E:\Java\jdk1.8.0_71\jre\lib\resources.jar;E:\Java\jdk1.8.0_71\jre\lib\rt.jar;E:\Java\jdk1.8.0_71\jre\lib\sunrsasign.jar;E:\Java\jdk1.8.0_71\jre\lib\jsse.jar;E:\Java\jdk1.8.0_71\jre\lib\jce.jar;E:\Java\jdk1.8.0_71\jre\lib\charsets.jar;E:\Java\jdk1.8.0_71\jre\lib\jfr.jar;E:\Java\jdk1.8.0_71\jre\classes"/>
    <property name="java.vendor" value="Oracle Corporation"/>
    <property name="maven.home" value="E:\apache-maven-3.3.9"/>
    <property name="file.separator" value="\"/>
    <property name="java.vendor.url.bug" value="http://bugreport.sun.com/bugreport/"/>
    <property name="sun.cpu.endian" value="little"/>
    <property name="sun.io.unicode.encoding" value="UnicodeLittle"/>
    <property name="sun.desktop" value="windows"/>
    <property name="sun.cpu.isalist" value="amd64"/>
  </properties>
  <testcase name="RamdomTest" classname="jkstTest.JkstTest" time="9.023"/>
  <testcase name="installTest" classname="jkstTest.JkstTest" time="49.525"/>
  <testcase name="addContact" classname="jkstTest.JkstTest" time="20.065"/>
  <testcase name="TestNgLearn" classname="jkstTest.LearnTest" time="0"/>
</testsuite>