<?xml version="1.0" encoding="UTF-8"?>
<!-- Generated by org.testng.reporters.JUnitReportReporter -->
<testsuite hostname="zq010-PC" name="jkstTest.JkstTest" tests="3" failures="0" timestamp="27 May 2016 01:53:35 GMT" time="101.232" errors="0">
  <testcase name="addContact" time="19.736" classname="jkstTest.JkstTest"/>
  <testcase name="installTest" time="72.606" classname="jkstTest.JkstTest"/>
  <testcase name="RamdomTest" time="8.890" classname="jkstTest.JkstTest"/>
</testsuite> <!-- jkstTest.JkstTest -->
