<?xml version="1.0" encoding="UTF-8"?>
<!-- Generated by org.testng.reporters.JUnitReportReporter -->
<testsuite hostname="zq010-PC" name="jkstTest.TestNGLearn1" tests="1" failures="0" timestamp="27 May 2016 01:53:35 GMT" time="0.002" errors="0">
  <testcase name="TestNgLearn" time="0.002" classname="jkstTest.TestNGLearn1"/>
</testsuite> <!-- jkstTest.TestNGLearn1 -->
